<?xml version="1.0" encoding="UTF-8"?>
<testng-results ignored="0" total="0" passed="0" failed="0" skipped="0">
  <reporter-output>
  </reporter-output>
  <suite started-at="2022-01-28T21:30:18 UZT" name="Surefire suite" finished-at="2022-01-28T21:32:37 UZT" duration-ms="139364">
    <groups>
    </groups>
    <test started-at="2022-01-28T21:30:18 UZT" name="Surefire test" finished-at="2022-01-28T21:32:37 UZT" duration-ms="139364">
    </test> <!-- Surefire test -->
  </suite> <!-- Surefire suite -->
</testng-results>
